<?xml version="1.0" encoding="UTF-8"?>
<testsuite name="org.cap.test.bankapp.SampleTestCase" tests="4" skipped="0" failures="0" errors="0" timestamp="2021-07-12T12:13:00" hostname="DESKTOP-OVDK3DI" time="0.024">
  <properties/>
  <testcase name="test" classname="org.cap.test.bankapp.SampleTestCase" time="0.0"/>
  <testcase name="test" classname="org.cap.test.bankapp.SampleTestCase" time="0.0"/>
  <testcase name="test" classname="org.cap.test.bankapp.SampleTestCase" time="0.0"/>
  <testcase name="test" classname="org.cap.test.bankapp.SampleTestCase" time="0.0"/>
  <system-out><![CDATA[]]></system-out>
  <system-err><![CDATA[]]></system-err>
</testsuite>
